[2025-12-06 14:57:10] POST: Array
(
    [name] => Vợt cầu lông Felet Woven 8000
    [price] => 2979000
)
 SID: jm7h60lh6ngbb4460shgljq7ln
  CART after: Array
(
    [Vợt cầu lông Felet Woven 8000] => Array
        (
            [name] => Vợt cầu lông Felet Woven 8000
            [price] => 2979000
            [quantity] => 1
        )

)

[2025-12-06 15:07:28] POST: Array
(
    [name] => Vợt cầu lông Lining Halbertec Motor Pro Chính hãng
    [price] => 2150000
)
 SID: 4pbd5h50ntnb4f684eliq8tfkq
  CART after: Array
(
    [Vợt cầu lông Lining Halbertec Motor Pro Chính hãng] => Array
        (
            [name] => Vợt cầu lông Lining Halbertec Motor Pro Chính hãng
            [price] => 2150000
            [quantity] => 1
        )

)

[2025-12-06 15:07:28] POST: Array
(
    [name] => Vợt cầu lông Lining Halbertec Motor Pro Chính hãng
    [price] => 2150000
)
 SID: 4pbd5h50ntnb4f684eliq8tfkq
  CART after: Array
(
    [Vợt cầu lông Lining Halbertec Motor Pro Chính hãng] => Array
        (
            [name] => Vợt cầu lông Lining Halbertec Motor Pro Chính hãng
            [price] => 2150000
            [quantity] => 2
        )

)

  CART after: Array
(
    [Vợt cầu lông Mizuno Fortius 29 Ultima nội địa] => Array
        (
            [name] => Vợt cầu lông Mizuno Fortius 29 Ultima nội địa
            [price] => 4500000
            [quantity] => 1
        )

)

  CART after: Array
(
    [Vợt cầu lông Mizuno Fortius 29 Ultima nội địa] => Array
        (
            [name] => Vợt cầu lông Mizuno Fortius 29 Ultima nội địa
            [price] => 4500000
            [quantity] => 1
        )

    [Vợt cầu lông Yonex Astrox 100ZZ VA – Chính hãng] => Array
        (
            [name] => Vợt cầu lông Yonex Astrox 100ZZ VA – Chính hãng
            [price] => 5000000
            [quantity] => 1
        )

)

  CART after: Array
(
    [Vợt cầu lông Mizuno Fortius 29 Ultima nội địa] => Array
        (
            [name] => Vợt cầu lông Mizuno Fortius 29 Ultima nội địa
            [price] => 4500000
            [quantity] => 2
        )

    [Vợt cầu lông Yonex Astrox 100ZZ VA – Chính hãng] => Array
        (
            [name] => Vợt cầu lông Yonex Astrox 100ZZ VA – Chính hãng
            [price] => 5000000
            [quantity] => 1
        )

)

  CART after: Array
(
    [Vợt cầu lông Mizuno Fortius 29 Ultima nội địa] => Array
        (
            [name] => Vợt cầu lông Mizuno Fortius 29 Ultima nội địa
            [price] => 4500000
            [quantity] => 3
        )

    [Vợt cầu lông Yonex Astrox 100ZZ VA – Chính hãng] => Array
        (
            [name] => Vợt cầu lông Yonex Astrox 100ZZ VA – Chính hãng
            [price] => 5000000
            [quantity] => 1
        )

)

  CART after: Array
(
    [Vợt cầu lông Mizuno Fortius 29 Ultima nội địa] => Array
        (
            [name] => Vợt cầu lông Mizuno Fortius 29 Ultima nội địa
            [price] => 4500000
            [quantity] => 3
        )

    [Vợt cầu lông Yonex Astrox 100ZZ VA – Chính hãng] => Array
        (
            [name] => Vợt cầu lông Yonex Astrox 100ZZ VA – Chính hãng
            [price] => 5000000
            [quantity] => 1
        )

    [Vợt cầu lông Felet Woven 8000] => Array
        (
            [name] => Vợt cầu lông Felet Woven 8000
            [price] => 2979000
            [quantity] => 1
        )

)

  CART after: Array
(
    [Vợt cầu lông Mizuno Fortius 29 Ultima nội địa] => Array
        (
            [name] => Vợt cầu lông Mizuno Fortius 29 Ultima nội địa
            [price] => 4500000
            [quantity] => 4
        )

    [Vợt cầu lông Yonex Astrox 100ZZ VA – Chính hãng] => Array
        (
            [name] => Vợt cầu lông Yonex Astrox 100ZZ VA – Chính hãng
            [price] => 5000000
            [quantity] => 1
        )

    [Vợt cầu lông Felet Woven 8000] => Array
        (
            [name] => Vợt cầu lông Felet Woven 8000
            [price] => 2979000
            [quantity] => 1
        )

)

  CART after: Array
(
    [Vợt cầu lông Mizuno Fortius 29 Ultima nội địa] => Array
        (
            [name] => Vợt cầu lông Mizuno Fortius 29 Ultima nội địa
            [price] => 4500000
            [quantity] => 1
        )

)

  CART after: Array
(
    [Vợt cầu lông Mizuno Fortius 29 Ultima nội địa] => Array
        (
            [name] => Vợt cầu lông Mizuno Fortius 29 Ultima nội địa
            [price] => 4500000
            [quantity] => 2
        )

)

  CART after: Array
(
    [Vợt cầu lông Mizuno Fortius 29 Ultima nội địa] => Array
        (
            [name] => Vợt cầu lông Mizuno Fortius 29 Ultima nội địa
            [price] => 4500000
            [quantity] => 2
        )

    [Vợt cầu lông Lining Halbertec Motor Pro Chính hãng] => Array
        (
            [name] => Vợt cầu lông Lining Halbertec Motor Pro Chính hãng
            [price] => 2150000
            [quantity] => 1
        )

)

  CART after: Array
(
    [Vợt cầu lông Felet Woven 8000] => Array
        (
            [name] => Vợt cầu lông Felet Woven 8000
            [price] => 2979000
            [quantity] => 1
        )

)

  CART after: Array
(
    [Vợt cầu lông Felet Woven 8000] => Array
        (
            [name] => Vợt cầu lông Felet Woven 8000
            [price] => 2979000
            [quantity] => 2
        )

)

  CART after: Array
(
    [Vợt cầu lông Felet Woven 8000] => Array
        (
            [name] => Vợt cầu lông Felet Woven 8000
            [price] => 2979000
            [quantity] => 1
        )

)

  CART after: Array
(
    [Vợt cầu lông Felet Woven 8000] => Array
        (
            [name] => Vợt cầu lông Felet Woven 8000
            [price] => 2979000
            [quantity] => 2
        )

)

  CART after: Array
(
    [Vợt cầu lông Victor DriveX 12 ZSW] => Array
        (
            [name] => Vợt cầu lông Victor DriveX 12 ZSW
            [price] => 6000000
            [quantity] => 1
        )

)

  CART after: Array
(
    [Vợt cầu lông Mizuno Fortius 29 Ultima nội địa] => Array
        (
            [name] => Vợt cầu lông Mizuno Fortius 29 Ultima nội địa
            [price] => 4500000
            [quantity] => 1
        )

)

  CART after: Array
(
    [Vợt cầu lông Felet Woven 8000] => Array
        (
            [name] => Vợt cầu lông Felet Woven 8000
            [price] => 2979000
            [quantity] => 1
        )

)

  CART after: Array
(
    [Vợt cầu lông Mizuno Fortius 29 Ultima nội địa] => Array
        (
            [name] => Vợt cầu lông Mizuno Fortius 29 Ultima nội địa
            [price] => 4500000
            [quantity] => 1
        )

)

  CART after: Array
(
    [Vợt cầu lông Mizuno Fortius 29 Ultima nội địa] => Array
        (
            [name] => Vợt cầu lông Mizuno Fortius 29 Ultima nội địa
            [price] => 4500000
            [quantity] => 1
        )

)

  CART after: Array
(
    [Vợt cầu lông Mizuno Fortius 29 Ultima nội địa] => Array
        (
            [name] => Vợt cầu lông Mizuno Fortius 29 Ultima nội địa
            [price] => 4500000
            [quantity] => 1
        )

    [Vợt cầu lông Yonex Astrox 100ZZ VA – Chính hãng] => Array
        (
            [name] => Vợt cầu lông Yonex Astrox 100ZZ VA – Chính hãng
            [price] => 5000000
            [quantity] => 1
        )

)

  CART after: Array
(
    [Vợt cầu lông Mizuno Fortius 29 Ultima nội địa] => Array
        (
            [name] => Vợt cầu lông Mizuno Fortius 29 Ultima nội địa
            [price] => 4500000
            [quantity] => 1
        )

)

  CART after: Array
(
    [Vợt cầu lông Mizuno Fortius 29 Ultima nội địa] => Array
        (
            [name] => Vợt cầu lông Mizuno Fortius 29 Ultima nội địa
            [price] => 4500000
            [quantity] => 1
        )

    [Vợt cầu lông Yonex Astrox 100ZZ VA – Chính hãng] => Array
        (
            [name] => Vợt cầu lông Yonex Astrox 100ZZ VA – Chính hãng
            [price] => 5000000
            [quantity] => 1
        )

)

[2025-12-06 15:56:20] POST: Array
(
    [name] => Vợt cầu lông Felet Woven 8000
    [price] => 2979000
)
 SID: tp0nifa8f55o9slcrtn5g38gjv
  CART after: Array
(
    [Vợt cầu lông Felet Woven 8000] => Array
        (
            [name] => Vợt cầu lông Felet Woven 8000
            [price] => 2979000
            [quantity] => 2
        )

)

[2025-12-06 15:56:26] POST: Array
(
    [name] => Vợt cầu lông Victor DriveX 12 ZSW
    [price] => 6000000
)
 SID: tp0nifa8f55o9slcrtn5g38gjv
  CART after: Array
(
    [Vợt cầu lông Victor DriveX 12 ZSW] => Array
        (
            [name] => Vợt cầu lông Victor DriveX 12 ZSW
            [price] => 6000000
            [quantity] => 1
        )

)

[2025-12-06 15:56:35] POST: Array
(
    [name] => Vợt cầu lông Felet Woven 8000
    [price] => 2979000
)
 SID: tp0nifa8f55o9slcrtn5g38gjv
  CART after: Array
(
    [Vợt cầu lông Felet Woven 8000] => Array
        (
            [name] => Vợt cầu lông Felet Woven 8000
            [price] => 2979000
            [quantity] => 1
        )

)

[2025-12-06 15:57:11] POST: Array
(
    [name] => Vợt cầu lông Mizuno Fortius 29 Ultima nội địa
    [price] => 4500000
)
 SID: teoah7sqghnrtj212q2f9vf6d1
  CART after: Array
(
    [Vợt cầu lông Mizuno Fortius 29 Ultima nội địa] => Array
        (
            [name] => Vợt cầu lông Mizuno Fortius 29 Ultima nội địa
            [price] => 4500000
            [quantity] => 1
        )

)

