[2025-12-06 15:08:45] ::1 METHOD=POST POST=Array
(
    [username] => shoptt_admin
    [password] => 123456
)

[2025-12-06 15:09:25] ::1 METHOD=POST POST=Array
(
    [username] => user1
    [password] => trieu2004
)

[2025-12-06 15:56:59] ::1 METHOD=POST POST=Array
(
    [username] => shoptt_admin
    [password] => 123456
)

[2025-12-06 15:57:08] ::1 METHOD=POST POST=Array
(
    [username] => user1
    [password] => trieu2004
)

[2025-12-06 15:57:25] ::1 METHOD=POST POST=Array
(
    [username] => shoptt_admin
    [password] => 123456
)

[2025-12-06 15:57:39] ::1 METHOD=POST POST=Array
(
    [username] => user1
    [password] => trieu2004
)

