[2025-12-01 15:56:18] POST: Array
(
    [name] => Vợt cầu lông Victor Auraspeed HSplus VBC
    [price] => 5000000
)
 SID: 06efi74q9oqo5v3eft80pqr2jh
  CART after: Array
(
    [Vợt cầu lông Victor Auraspeed HSplus VBC] => Array
        (
            [name] => Vợt cầu lông Victor Auraspeed HSplus VBC
            [price] => 5000000
            [quantity] => 1
        )

)

[2025-12-01 15:56:18] POST: Array
(
    [name] => Vợt cầu lông Victor Auraspeed HSplus VBC
    [price] => 5000000
)
 SID: 06efi74q9oqo5v3eft80pqr2jh
  CART after: Array
(
    [Vợt cầu lông Victor Auraspeed HSplus VBC] => Array
        (
            [name] => Vợt cầu lông Victor Auraspeed HSplus VBC
            [price] => 5000000
            [quantity] => 2
        )

)

[2025-12-01 15:56:18] POST: Array
(
    [name] => Vợt cầu lông Victor Auraspeed HSplus VBC
    [price] => 5000000
)
 SID: 06efi74q9oqo5v3eft80pqr2jh
  CART after: Array
(
    [Vợt cầu lông Victor Auraspeed HSplus VBC] => Array
        (
            [name] => Vợt cầu lông Victor Auraspeed HSplus VBC
            [price] => 5000000
            [quantity] => 3
        )

)

[2025-12-01 15:56:18] POST: Array
(
    [name] => Vợt cầu lông Victor Auraspeed HSplus VBC
    [price] => 5000000
)
 SID: 06efi74q9oqo5v3eft80pqr2jh
  CART after: Array
(
    [Vợt cầu lông Victor Auraspeed HSplus VBC] => Array
        (
            [name] => Vợt cầu lông Victor Auraspeed HSplus VBC
            [price] => 5000000
            [quantity] => 4
        )

)

[2025-12-01 15:56:23] POST: Array
(
    [name] => Vợt cầu lông Victor Auraspeed HSplus VBC
    [price] => 5000000
)
 SID: 06efi74q9oqo5v3eft80pqr2jh
  CART after: Array
(
    [Vợt cầu lông Victor Auraspeed HSplus VBC] => Array
        (
            [name] => Vợt cầu lông Victor Auraspeed HSplus VBC
            [price] => 5000000
            [quantity] => 5
        )

)

[2025-12-01 15:56:23] POST: Array
(
    [name] => Vợt cầu lông Victor Auraspeed HSplus VBC
    [price] => 5000000
)
 SID: 06efi74q9oqo5v3eft80pqr2jh
  CART after: Array
(
    [Vợt cầu lông Victor Auraspeed HSplus VBC] => Array
        (
            [name] => Vợt cầu lông Victor Auraspeed HSplus VBC
            [price] => 5000000
            [quantity] => 6
        )

)

[2025-12-01 15:56:23] POST: Array
(
    [name] => Vợt cầu lông Victor Auraspeed HSplus VBC
    [price] => 5000000
)
 SID: 06efi74q9oqo5v3eft80pqr2jh
  CART after: Array
(
    [Vợt cầu lông Victor Auraspeed HSplus VBC] => Array
        (
            [name] => Vợt cầu lông Victor Auraspeed HSplus VBC
            [price] => 5000000
            [quantity] => 7
        )

)

[2025-12-01 16:03:11] POST: Array
(
    [name] => Vợt cầu lông Lining Axforce 100 II Gen 2 Chính hãng
    [price] => 5700000
)
 SID: 06efi74q9oqo5v3eft80pqr2jh
  CART after: Array
(
    [Vợt cầu lông Lining Axforce 100 II Gen 2 Chính hãng] => Array
        (
            [name] => Vợt cầu lông Lining Axforce 100 II Gen 2 Chính hãng
            [price] => 5700000
            [quantity] => 1
        )

)

[2025-12-01 16:03:13] POST: Array
(
    [name] => Vợt cầu lông Yonex Astrox 100 Tour VA – Chính hãng
    [price] => 4469000
)
 SID: 06efi74q9oqo5v3eft80pqr2jh
  CART after: Array
(
    [Vợt cầu lông Lining Axforce 100 II Gen 2 Chính hãng] => Array
        (
            [name] => Vợt cầu lông Lining Axforce 100 II Gen 2 Chính hãng
            [price] => 5700000
            [quantity] => 1
        )

    [Vợt cầu lông Yonex Astrox 100 Tour VA – Chính hãng] => Array
        (
            [name] => Vợt cầu lông Yonex Astrox 100 Tour VA – Chính hãng
            [price] => 4469000
            [quantity] => 1
        )

)

[2025-12-01 16:03:14] POST: Array
(
    [name] => Vợt cầu lông Victor Auraspeed HSplus VBC
    [price] => 5000000
)
 SID: 06efi74q9oqo5v3eft80pqr2jh
  CART after: Array
(
    [Vợt cầu lông Lining Axforce 100 II Gen 2 Chính hãng] => Array
        (
            [name] => Vợt cầu lông Lining Axforce 100 II Gen 2 Chính hãng
            [price] => 5700000
            [quantity] => 1
        )

    [Vợt cầu lông Yonex Astrox 100 Tour VA – Chính hãng] => Array
        (
            [name] => Vợt cầu lông Yonex Astrox 100 Tour VA – Chính hãng
            [price] => 4469000
            [quantity] => 1
        )

    [Vợt cầu lông Victor Auraspeed HSplus VBC] => Array
        (
            [name] => Vợt cầu lông Victor Auraspeed HSplus VBC
            [price] => 5000000
            [quantity] => 1
        )

)

[2025-12-01 16:04:12] POST: Array
(
    [name] => Vợt cầu lông Victor Auraspeed HSplus VBC
    [price] => 5000000
)
 SID: 06efi74q9oqo5v3eft80pqr2jh
  CART after: Array
(
    [Vợt cầu lông Victor Auraspeed HSplus VBC] => Array
        (
            [name] => Vợt cầu lông Victor Auraspeed HSplus VBC
            [price] => 5000000
            [quantity] => 1
        )

)

[2025-12-01 16:04:13] POST: Array
(
    [name] => Vợt cầu lông Yonex Astrox 100 Tour VA – Chính hãng
    [price] => 4469000
)
 SID: 06efi74q9oqo5v3eft80pqr2jh
  CART after: Array
(
    [Vợt cầu lông Victor Auraspeed HSplus VBC] => Array
        (
            [name] => Vợt cầu lông Victor Auraspeed HSplus VBC
            [price] => 5000000
            [quantity] => 1
        )

    [Vợt cầu lông Yonex Astrox 100 Tour VA – Chính hãng] => Array
        (
            [name] => Vợt cầu lông Yonex Astrox 100 Tour VA – Chính hãng
            [price] => 4469000
            [quantity] => 1
        )

)

[2025-12-01 16:04:13] POST: Array
(
    [name] => Vợt cầu lông Yonex Astrox 100 Tour VA – Chính hãng
    [price] => 4469000
)
 SID: 06efi74q9oqo5v3eft80pqr2jh
  CART after: Array
(
    [Vợt cầu lông Victor Auraspeed HSplus VBC] => Array
        (
            [name] => Vợt cầu lông Victor Auraspeed HSplus VBC
            [price] => 5000000
            [quantity] => 1
        )

    [Vợt cầu lông Yonex Astrox 100 Tour VA – Chính hãng] => Array
        (
            [name] => Vợt cầu lông Yonex Astrox 100 Tour VA – Chính hãng
            [price] => 4469000
            [quantity] => 2
        )

)

[2025-12-02 18:02:34] POST: Array
(
    [name] => Vợt cầu lông Lining Axforce 100 II Gen 2 Chính hãng
    [price] => 5700000
)
 SID: 81nrtdikauafj79t6vqsq02vra
  CART after: Array
(
    [Vợt cầu lông Lining Axforce 100 II Gen 2 Chính hãng] => Array
        (
            [name] => Vợt cầu lông Lining Axforce 100 II Gen 2 Chính hãng
            [price] => 5700000
            [quantity] => 5
        )

)

[2025-12-02 18:02:35] POST: Array
(
    [name] => Vợt cầu lông Lining Axforce 100 II Gen 2 Chính hãng
    [price] => 5700000
)
 SID: 81nrtdikauafj79t6vqsq02vra
  CART after: Array
(
    [Vợt cầu lông Lining Axforce 100 II Gen 2 Chính hãng] => Array
        (
            [name] => Vợt cầu lông Lining Axforce 100 II Gen 2 Chính hãng
            [price] => 5700000
            [quantity] => 6
        )

)

[2025-12-02 18:02:35] POST: Array
(
    [name] => Vợt cầu lông Lining Axforce 100 II Gen 2 Chính hãng
    [price] => 5700000
)
 SID: 81nrtdikauafj79t6vqsq02vra
  CART after: Array
(
    [Vợt cầu lông Lining Axforce 100 II Gen 2 Chính hãng] => Array
        (
            [name] => Vợt cầu lông Lining Axforce 100 II Gen 2 Chính hãng
            [price] => 5700000
            [quantity] => 7
        )

)

[2025-12-02 18:02:35] POST: Array
(
    [name] => Vợt cầu lông Lining Axforce 100 II Gen 2 Chính hãng
    [price] => 5700000
)
 SID: 81nrtdikauafj79t6vqsq02vra
  CART after: Array
(
    [Vợt cầu lông Lining Axforce 100 II Gen 2 Chính hãng] => Array
        (
            [name] => Vợt cầu lông Lining Axforce 100 II Gen 2 Chính hãng
            [price] => 5700000
            [quantity] => 8
        )

)

[2025-12-02 18:02:35] POST: Array
(
    [name] => Vợt cầu lông Lining Axforce 100 II Gen 2 Chính hãng
    [price] => 5700000
)
 SID: 81nrtdikauafj79t6vqsq02vra
  CART after: Array
(
    [Vợt cầu lông Lining Axforce 100 II Gen 2 Chính hãng] => Array
        (
            [name] => Vợt cầu lông Lining Axforce 100 II Gen 2 Chính hãng
            [price] => 5700000
            [quantity] => 9
        )

)

[2025-12-02 18:02:35] POST: Array
(
    [name] => Vợt cầu lông Lining Axforce 100 II Gen 2 Chính hãng
    [price] => 5700000
)
 SID: 81nrtdikauafj79t6vqsq02vra
  CART after: Array
(
    [Vợt cầu lông Lining Axforce 100 II Gen 2 Chính hãng] => Array
        (
            [name] => Vợt cầu lông Lining Axforce 100 II Gen 2 Chính hãng
            [price] => 5700000
            [quantity] => 10
        )

)

[2025-12-02 18:02:35] POST: Array
(
    [name] => Vợt cầu lông Lining Axforce 100 II Gen 2 Chính hãng
    [price] => 5700000
)
 SID: 81nrtdikauafj79t6vqsq02vra
  CART after: Array
(
    [Vợt cầu lông Lining Axforce 100 II Gen 2 Chính hãng] => Array
        (
            [name] => Vợt cầu lông Lining Axforce 100 II Gen 2 Chính hãng
            [price] => 5700000
            [quantity] => 11
        )

)

[2025-12-02 18:18:38] POST: Array
(
    [name] => Vợt cầu lông Lining Axforce 100 II Gen 2 Chính hãng
    [price] => 5700000
)
 SID: 81nrtdikauafj79t6vqsq02vra
  CART after: Array
(
    [Vợt cầu lông Lining Axforce 100 II Gen 2 Chính hãng] => Array
        (
            [name] => Vợt cầu lông Lining Axforce 100 II Gen 2 Chính hãng
            [price] => 5700000
            [quantity] => 12
        )

)

[2025-12-02 18:19:13] POST: Array
(
    [name] => Vợt cầu lông Victor Auraspeed HSplus VBC
    [price] => 5000000
)
 SID: 81nrtdikauafj79t6vqsq02vra
  CART after: Array
(
    [Vợt cầu lông Victor Auraspeed HSplus VBC] => Array
        (
            [name] => Vợt cầu lông Victor Auraspeed HSplus VBC
            [price] => 5000000
            [quantity] => 1
        )

)

[2025-12-02 18:21:48] POST: Array
(
    [name] => Vợt cầu lông Victor Auraspeed HSplus VBC
    [price] => 5000000
)
 SID: 81nrtdikauafj79t6vqsq02vra
  CART after: Array
(
    [Vợt cầu lông Victor Auraspeed HSplus VBC] => Array
        (
            [name] => Vợt cầu lông Victor Auraspeed HSplus VBC
            [price] => 5000000
            [quantity] => 2
        )

)

[2025-12-02 18:37:23] POST: Array
(
    [name] => Vợt cầu lông Lining Axforce 100 II Gen 2 Chính hãng
    [price] => 5700000
)
 SID: 81nrtdikauafj79t6vqsq02vra
  CART after: Array
(
    [Vợt cầu lông Lining Axforce 100 II Gen 2 Chính hãng] => Array
        (
            [name] => Vợt cầu lông Lining Axforce 100 II Gen 2 Chính hãng
            [price] => 5700000
            [quantity] => 1
        )

)

[2025-12-02 18:37:24] POST: Array
(
    [name] => Vợt cầu lông Lining Axforce 100 II Gen 2 Chính hãng
    [price] => 5700000
)
 SID: 81nrtdikauafj79t6vqsq02vra
  CART after: Array
(
    [Vợt cầu lông Lining Axforce 100 II Gen 2 Chính hãng] => Array
        (
            [name] => Vợt cầu lông Lining Axforce 100 II Gen 2 Chính hãng
            [price] => 5700000
            [quantity] => 2
        )

)

[2025-12-03 02:16:03] POST: Array
(
    [name] => Vợt cầu lông Lining Axforce 100 II Gen 2 Chính hãng
    [price] => 5700000
)
 SID: 4o4d5p07494tri3jams1domg33
  CART after: Array
(
    [Vợt cầu lông Lining Axforce 100 II Gen 2 Chính hãng] => Array
        (
            [name] => Vợt cầu lông Lining Axforce 100 II Gen 2 Chính hãng
            [price] => 5700000
            [quantity] => 1
        )

)

[2025-12-03 02:16:03] POST: Array
(
    [name] => Vợt cầu lông Lining Axforce 100 II Gen 2 Chính hãng
    [price] => 5700000
)
 SID: 4o4d5p07494tri3jams1domg33
  CART after: Array
(
    [Vợt cầu lông Lining Axforce 100 II Gen 2 Chính hãng] => Array
        (
            [name] => Vợt cầu lông Lining Axforce 100 II Gen 2 Chính hãng
            [price] => 5700000
            [quantity] => 2
        )

)

[2025-12-03 02:22:15] POST: Array
(
    [name] => Túi to
    [price] => 500000
)
 SID: 4o4d5p07494tri3jams1domg33
  CART after: Array
(
    [Vợt cầu lông Lining Axforce 100 II Gen 2 Chính hãng] => Array
        (
            [name] => Vợt cầu lông Lining Axforce 100 II Gen 2 Chính hãng
            [price] => 5700000
            [quantity] => 2
        )

    [Túi to] => Array
        (
            [name] => Túi to
            [price] => 500000
            [quantity] => 1
        )

)

[2025-12-03 02:22:15] POST: Array
(
    [name] => Túi to
    [price] => 500000
)
 SID: 4o4d5p07494tri3jams1domg33
  CART after: Array
(
    [Vợt cầu lông Lining Axforce 100 II Gen 2 Chính hãng] => Array
        (
            [name] => Vợt cầu lông Lining Axforce 100 II Gen 2 Chính hãng
            [price] => 5700000
            [quantity] => 2
        )

    [Túi to] => Array
        (
            [name] => Túi to
            [price] => 500000
            [quantity] => 2
        )

)

[2025-12-03 02:22:15] POST: Array
(
    [name] => Túi to
    [price] => 500000
)
 SID: 4o4d5p07494tri3jams1domg33
  CART after: Array
(
    [Vợt cầu lông Lining Axforce 100 II Gen 2 Chính hãng] => Array
        (
            [name] => Vợt cầu lông Lining Axforce 100 II Gen 2 Chính hãng
            [price] => 5700000
            [quantity] => 2
        )

    [Túi to] => Array
        (
            [name] => Túi to
            [price] => 500000
            [quantity] => 3
        )

)

[2025-12-03 02:22:15] POST: Array
(
    [name] => Túi to
    [price] => 500000
)
 SID: 4o4d5p07494tri3jams1domg33
  CART after: Array
(
    [Vợt cầu lông Lining Axforce 100 II Gen 2 Chính hãng] => Array
        (
            [name] => Vợt cầu lông Lining Axforce 100 II Gen 2 Chính hãng
            [price] => 5700000
            [quantity] => 2
        )

    [Túi to] => Array
        (
            [name] => Túi to
            [price] => 500000
            [quantity] => 4
        )

)

[2025-12-03 02:22:16] POST: Array
(
    [name] => Túi to
    [price] => 500000
)
 SID: 4o4d5p07494tri3jams1domg33
  CART after: Array
(
    [Vợt cầu lông Lining Axforce 100 II Gen 2 Chính hãng] => Array
        (
            [name] => Vợt cầu lông Lining Axforce 100 II Gen 2 Chính hãng
            [price] => 5700000
            [quantity] => 2
        )

    [Túi to] => Array
        (
            [name] => Túi to
            [price] => 500000
            [quantity] => 5
        )

)

[2025-12-03 02:22:16] POST: Array
(
    [name] => Túi to
    [price] => 500000
)
 SID: 4o4d5p07494tri3jams1domg33
  CART after: Array
(
    [Vợt cầu lông Lining Axforce 100 II Gen 2 Chính hãng] => Array
        (
            [name] => Vợt cầu lông Lining Axforce 100 II Gen 2 Chính hãng
            [price] => 5700000
            [quantity] => 2
        )

    [Túi to] => Array
        (
            [name] => Túi to
            [price] => 500000
            [quantity] => 6
        )

)

